<?xml version="1.0" encoding="UTF-8"?>
<testsuite xmlns:xsi="http://www.w3.org/2001/XMLSchema-instance" xsi:noNamespaceSchemaLocation="https://maven.apache.org/surefire/maven-surefire-plugin/xsd/surefire-test-report-3.0.xsd" version="3.0" name="com.library.AppTest" time="0.043" tests="1" errors="0" skipped="0" failures="0">
  <properties>
    <property name="java.specification.version" value="18"/>
    <property name="sun.cpu.isalist" value="amd64"/>
    <property name="sun.jnu.encoding" value="Cp1252"/>
    <property name="java.class.path" value="E:\java\Week_2_Exercises\LibraryManagement\target\test-classes;E:\java\Week_2_Exercises\LibraryManagement\target\classes;C:\Users\smeth\.m2\repository\junit\junit\3.8.1\junit-3.8.1.jar;C:\Users\smeth\.m2\repository\org\springframework\spring-context\5.3.22\spring-context-5.3.22.jar;C:\Users\smeth\.m2\repository\org\springframework\spring-aop\5.3.22\spring-aop-5.3.22.jar;C:\Users\smeth\.m2\repository\org\springframework\spring-beans\5.3.22\spring-beans-5.3.22.jar;C:\Users\smeth\.m2\repository\org\springframework\spring-core\5.3.22\spring-core-5.3.22.jar;C:\Users\smeth\.m2\repository\org\springframework\spring-jcl\5.3.22\spring-jcl-5.3.22.jar;C:\Users\smeth\.m2\repository\org\springframework\spring-expression\5.3.22\spring-expression-5.3.22.jar;"/>
    <property name="java.vm.vendor" value="Oracle Corporation"/>
    <property name="sun.arch.data.model" value="64"/>
    <property name="user.variant" value=""/>
    <property name="java.vendor.url" value="https://java.oracle.com/"/>
    <property name="user.timezone" value="Asia/Calcutta"/>
    <property name="os.name" value="Windows 11"/>
    <property name="java.vm.specification.version" value="18"/>
    <property name="sun.java.launcher" value="SUN_STANDARD"/>
    <property name="user.country" value="IN"/>
    <property name="sun.boot.library.path" value="C:\Program Files\Java\jdk-18.0.1.1\bin"/>
    <property name="sun.java.command" value="C:\Users\smeth\AppData\Local\Temp\surefire7187682513608728521\surefirebooter-20240808062039981_3.jar C:\Users\smeth\AppData\Local\Temp\surefire7187682513608728521 2024-08-08T06-20-39_206-jvmRun1 surefire-20240808062039981_1tmp surefire_0-20240808062039981_2tmp"/>
    <property name="jdk.debug" value="release"/>
    <property name="surefire.test.class.path" value="E:\java\Week_2_Exercises\LibraryManagement\target\test-classes;E:\java\Week_2_Exercises\LibraryManagement\target\classes;C:\Users\smeth\.m2\repository\junit\junit\3.8.1\junit-3.8.1.jar;C:\Users\smeth\.m2\repository\org\springframework\spring-context\5.3.22\spring-context-5.3.22.jar;C:\Users\smeth\.m2\repository\org\springframework\spring-aop\5.3.22\spring-aop-5.3.22.jar;C:\Users\smeth\.m2\repository\org\springframework\spring-beans\5.3.22\spring-beans-5.3.22.jar;C:\Users\smeth\.m2\repository\org\springframework\spring-core\5.3.22\spring-core-5.3.22.jar;C:\Users\smeth\.m2\repository\org\springframework\spring-jcl\5.3.22\spring-jcl-5.3.22.jar;C:\Users\smeth\.m2\repository\org\springframework\spring-expression\5.3.22\spring-expression-5.3.22.jar;"/>
    <property name="sun.cpu.endian" value="little"/>
    <property name="user.home" value="C:\Users\smeth"/>
    <property name="user.language" value="en"/>
    <property name="java.specification.vendor" value="Oracle Corporation"/>
    <property name="java.version.date" value="2022-04-22"/>
    <property name="java.home" value="C:\Program Files\Java\jdk-18.0.1.1"/>
    <property name="file.separator" value="\"/>
    <property name="basedir" value="E:\java\Week_2_Exercises\LibraryManagement"/>
    <property name="java.vm.compressedOopsMode" value="32-bit"/>
    <property name="line.separator" value="&#10;"/>
    <property name="java.vm.specification.vendor" value="Oracle Corporation"/>
    <property name="java.specification.name" value="Java Platform API Specification"/>
    <property name="surefire.real.class.path" value="C:\Users\smeth\AppData\Local\Temp\surefire7187682513608728521\surefirebooter-20240808062039981_3.jar"/>
    <property name="user.script" value=""/>
    <property name="sun.management.compiler" value="HotSpot 64-Bit Tiered Compilers"/>
    <property name="java.runtime.version" value="18.0.1.1+2-6"/>
    <property name="user.name" value="smeth"/>
    <property name="path.separator" value=";"/>
    <property name="os.version" value="10.0"/>
    <property name="java.runtime.name" value="Java(TM) SE Runtime Environment"/>
    <property name="file.encoding" value="UTF-8"/>
    <property name="java.vm.name" value="Java HotSpot(TM) 64-Bit Server VM"/>
    <property name="localRepository" value="C:\Users\smeth\.m2\repository"/>
    <property name="java.vendor.url.bug" value="https://bugreport.java.com/bugreport/"/>
    <property name="java.io.tmpdir" value="C:\Users\smeth\AppData\Local\Temp\"/>
    <property name="java.version" value="18.0.1.1"/>
    <property name="user.dir" value="E:\java\Week_2_Exercises\LibraryManagement"/>
    <property name="os.arch" value="amd64"/>
    <property name="java.vm.specification.name" value="Java Virtual Machine Specification"/>
    <property name="sun.os.patch.level" value=""/>
    <property name="native.encoding" value="Cp1252"/>
    <property name="java.library.path" value="C:\Program Files\Java\jdk-18.0.1.1\bin;C:\WINDOWS\Sun\Java\bin;C:\WINDOWS\system32;C:\WINDOWS;C:\Program Files (x86)\NVIDIA Corporation\PhysX\Common;C:\Program Files\Common Files\Oracle\Java\javapath;C:\WINDOWS\system32;C:\WINDOWS;C:\WINDOWS\System32\Wbem;C:\WINDOWS\System32\WindowsPowerShell\v1.0\;C:\WINDOWS\System32\OpenSSH\;C:\msys64\mingw64\bin;C:\MinGW\bin;C:\src\flutter\bin;C:\Program Files\Java\jdk-18.0.1.1\bin;C:\Program Files\nodejs\;C:\Users\smeth\AppData\Local\Pub\Cache\bin;C:\Program Files\Google Protobuf\bin;C:\Users\smeth\AppData\Roaming\Microsoft\Windows\Start Menu\Programs\Python 3.10;c:\users\smeth\appdata\local\programs\python\python310\lib\site-packages;C:\Users\smeth\AppData\Local\Programs\Python\Python310;C:\Users\smeth\AppData\Local\Programs\Python\Python310\Scripts\pip.exe;C:\Users\smeth\AppData\Local\Programs\Python\Python310\Scripts;C:\Program Files (x86)\dotnet\;C:\Program Files\Docker\Docker\resources\bin;C:\Program Files (x86)\Microsoft SQL Server\160\Tools\Binn\;C:\Program Files\Microsoft SQL Server\160\Tools\Binn\;C:\Program Files\Microsoft SQL Server\Client SDK\ODBC\170\Tools\Binn\;C:\Program Files\Microsoft SQL Server\160\DTS\Binn\;C:\Program Files\swipl\bin;C:\Program Files\eSpeak NG\;C:\Program Files\Go\bin;C:\Program Files\Git\cmd;C:\Users\smeth\AppData\Local\Programs\Python\Python312\Scripts\;C:\Users\smeth\AppData\Local\Programs\Python\Python312\;C:\Program Files\Common Files\Oracle\Java\javapath;C:\Windows\system32;C:\Windows;C:\Windows\System32\Wbem;C:\Windows\System32\WindowsPowerShell\v1.0\;C:\Windows\System32\OpenSSH\;C:\msys64\mingw64\bin;C:\MinGW\bin;C:\Program Files\Git\cmd;C:\src\flutter\bin;C:\Program Files\Java\jdk-18.0.1.1\bin;C:\Program Files\nodejs\;C:\Users\smeth\AppData\Local\Pub\Cache\bin;C:\Program Files\Google Protobuf\bin;C:\Users\smeth\AppData\Roaming\Microsoft\Windows\Start Menu\Programs\Python 3.10;c:\users\smeth\appdata\local\programs\python\python310\lib\site-packages;C:\Users\smeth\AppData\Local\Programs\Python\Python310;C:\Users\smeth\AppData\Local\Programs\Python\Python310\Scripts\pip.exe;C:\Users\smeth\App;C:\Users\smeth\AppData\Local\Programs\Python\Python310\Scripts;C:\Users\smeth\AppData\Local\Microsoft\WindowsApps;C:\ffmpeg\ffmpeg-2024-01-11-git-5e751dabc5-full_build\bin\;C:\Users\smeth\AppData\Local\Programs\Microsoft VS Code\bin;C:\Users\smeth\go\bin;C:\apache-maven-3.9.8\bin;;."/>
    <property name="java.vm.info" value="mixed mode, sharing"/>
    <property name="java.vendor" value="Oracle Corporation"/>
    <property name="java.vm.version" value="18.0.1.1+2-6"/>
    <property name="sun.io.unicode.encoding" value="UnicodeLittle"/>
    <property name="java.class.version" value="62.0"/>
  </properties>
  <testcase name="testApp" classname="com.library.AppTest" time="0.007"/>
</testsuite>